<?xml version="1.0" encoding="UTF-8"?>
<!-- Generated by org.testng.reporters.JUnitReportReporter -->
<testsuite hostname="DESKTOP-FPPF7NQ" failures="0" tests="1" name="Selenium.ExtendREport.Extendreport" time="14.013" errors="0" timestamp="2021-07-06T12:08:17 IST" skipped="0">
  <testcase classname="Selenium.ExtendREport.Extendreport" name="demo" time="14.013"/>
  <system-out/>
</testsuite> <!-- Selenium.ExtendREport.Extendreport -->
